Started GET "/" for ::1 at 2017-04-10 10:54:05 +1000
Processing by Rails::WelcomeController#index as HTML
  Parameters: {"internal"=>true}
  Rendering /Users/annsiapno/.gem/ruby/2.4.0/gems/railties-5.0.2/lib/rails/templates/rails/welcome/index.html.erb
  Rendered /Users/annsiapno/.gem/ruby/2.4.0/gems/railties-5.0.2/lib/rails/templates/rails/welcome/index.html.erb (3.7ms)
Completed 200 OK in 23ms (Views: 9.3ms | ActiveRecord: 0.0ms)


Started GET "/" for ::1 at 2017-04-10 10:54:13 +1000
Processing by Rails::WelcomeController#index as HTML
  Parameters: {"internal"=>true}
  Rendering /Users/annsiapno/.gem/ruby/2.4.0/gems/railties-5.0.2/lib/rails/templates/rails/welcome/index.html.erb
  Rendered /Users/annsiapno/.gem/ruby/2.4.0/gems/railties-5.0.2/lib/rails/templates/rails/welcome/index.html.erb (3.1ms)
Completed 200 OK in 7ms (Views: 5.3ms | ActiveRecord: 0.0ms)


Started GET "/menu/index" for ::1 at 2017-04-10 10:54:15 +1000
Processing by MenuController#index as HTML
  Rendering menu/index.html.erb within layouts/application
  Rendered menu/index.html.erb within layouts/application (0.3ms)
Completed 200 OK in 862ms (Views: 859.1ms | ActiveRecord: 0.0ms)


Started GET "/menu/index" for ::1 at 2017-04-10 10:58:30 +1000
Processing by MenuController#index as HTML
  Rendering menu/index.html.erb within layouts/application
  Rendered menu/index.html.erb within layouts/application (0.7ms)
Completed 200 OK in 40ms (Views: 37.0ms | ActiveRecord: 0.0ms)


Started GET "/menu/index" for ::1 at 2017-04-10 11:01:51 +1000
Processing by MenuController#index as HTML
  Rendering menu/index.html.erb within layouts/application
  Rendered menu/index.html.erb within layouts/application (0.4ms)
Completed 200 OK in 34ms (Views: 32.0ms | ActiveRecord: 0.0ms)


Started GET "/menu.index" for ::1 at 2017-04-10 11:02:07 +1000
  
ActionController::RoutingError (No route matches [GET] "/menu.index"):
  
actionpack (5.0.2) lib/action_dispatch/middleware/debug_exceptions.rb:53:in `call'
web-console (3.5.0) lib/web_console/middleware.rb:135:in `call_app'
web-console (3.5.0) lib/web_console/middleware.rb:28:in `block in call'
web-console (3.5.0) lib/web_console/middleware.rb:18:in `catch'
web-console (3.5.0) lib/web_console/middleware.rb:18:in `call'
actionpack (5.0.2) lib/action_dispatch/middleware/show_exceptions.rb:31:in `call'
railties (5.0.2) lib/rails/rack/logger.rb:36:in `call_app'
railties (5.0.2) lib/rails/rack/logger.rb:24:in `block in call'
activesupport (5.0.2) lib/active_support/tagged_logging.rb:69:in `block in tagged'
activesupport (5.0.2) lib/active_support/tagged_logging.rb:26:in `tagged'
activesupport (5.0.2) lib/active_support/tagged_logging.rb:69:in `tagged'
railties (5.0.2) lib/rails/rack/logger.rb:24:in `call'
sprockets-rails (3.2.0) lib/sprockets/rails/quiet_assets.rb:13:in `call'
actionpack (5.0.2) lib/action_dispatch/middleware/request_id.rb:24:in `call'
rack (2.0.1) lib/rack/method_override.rb:22:in `call'
rack (2.0.1) lib/rack/runtime.rb:22:in `call'
activesupport (5.0.2) lib/active_support/cache/strategy/local_cache_middleware.rb:28:in `call'
actionpack (5.0.2) lib/action_dispatch/middleware/executor.rb:12:in `call'
actionpack (5.0.2) lib/action_dispatch/middleware/static.rb:136:in `call'
rack (2.0.1) lib/rack/sendfile.rb:111:in `call'
railties (5.0.2) lib/rails/engine.rb:522:in `call'
puma (3.8.2) lib/puma/configuration.rb:224:in `call'
puma (3.8.2) lib/puma/server.rb:600:in `handle_request'
puma (3.8.2) lib/puma/server.rb:435:in `process_client'
puma (3.8.2) lib/puma/server.rb:299:in `block in run'
puma (3.8.2) lib/puma/thread_pool.rb:120:in `block in spawn_thread'
  Rendering /Users/annsiapno/.gem/ruby/2.4.0/gems/actionpack-5.0.2/lib/action_dispatch/middleware/templates/rescues/routing_error.html.erb within rescues/layout
  Rendering /Users/annsiapno/.gem/ruby/2.4.0/gems/actionpack-5.0.2/lib/action_dispatch/middleware/templates/rescues/_trace.html.erb
  Rendered /Users/annsiapno/.gem/ruby/2.4.0/gems/actionpack-5.0.2/lib/action_dispatch/middleware/templates/rescues/_trace.html.erb (3.6ms)
  Rendered collection of /Users/annsiapno/.gem/ruby/2.4.0/gems/actionpack-5.0.2/lib/action_dispatch/middleware/templates/routes/_route.html.erb [1 times] (9.1ms)
  Rendered /Users/annsiapno/.gem/ruby/2.4.0/gems/actionpack-5.0.2/lib/action_dispatch/middleware/templates/routes/_table.html.erb (10.7ms)
  Rendering /Users/annsiapno/.gem/ruby/2.4.0/gems/actionpack-5.0.2/lib/action_dispatch/middleware/templates/rescues/_request_and_response.html.erb
  Rendered /Users/annsiapno/.gem/ruby/2.4.0/gems/actionpack-5.0.2/lib/action_dispatch/middleware/templates/rescues/_request_and_response.html.erb (1.3ms)
  Rendered /Users/annsiapno/.gem/ruby/2.4.0/gems/actionpack-5.0.2/lib/action_dispatch/middleware/templates/rescues/routing_error.html.erb within rescues/layout (102.6ms)
Started GET "/menu/index" for ::1 at 2017-04-10 11:02:11 +1000
Processing by MenuController#index as HTML
  Rendering menu/index.html.erb within layouts/application
  Rendered menu/index.html.erb within layouts/application (17.0ms)
Completed 200 OK in 45ms (Views: 43.7ms | ActiveRecord: 0.0ms)


Started GET "/menu" for ::1 at 2017-04-10 11:08:20 +1000
Processing by MenuController#index as HTML
  Rendering menu/index.html.erb within layouts/application
  Rendered menu/index.html.erb within layouts/application (1.5ms)
Completed 200 OK in 46ms (Views: 43.9ms | ActiveRecord: 0.0ms)


Started GET "/menu" for ::1 at 2017-04-10 11:11:44 +1000
Processing by MenuController#index as HTML
  Rendering menu/index.html.erb within layouts/application
  Rendered menu/index.html.erb within layouts/application (0.6ms)
Completed 200 OK in 42ms (Views: 39.3ms | ActiveRecord: 0.0ms)


  [1m[35m (2.1ms)[0m  [1m[35mCREATE TABLE "schema_migrations" ("version" varchar NOT NULL PRIMARY KEY)[0m
  [1m[35m (1.3ms)[0m  [1m[35mCREATE TABLE "ar_internal_metadata" ("key" varchar NOT NULL PRIMARY KEY, "value" varchar, "created_at" datetime NOT NULL, "updated_at" datetime NOT NULL)[0m
  [1m[36mActiveRecord::SchemaMigration Load (0.2ms)[0m  [1m[34mSELECT "schema_migrations".* FROM "schema_migrations"[0m
Migrating to CreateItems (20170410011920)
  [1m[35m (0.1ms)[0m  [1m[36mbegin transaction[0m
  [1m[35m (0.6ms)[0m  [1m[35mCREATE TABLE "items" ("id" INTEGER PRIMARY KEY AUTOINCREMENT NOT NULL, "title" varchar, "price" decimal, "created_at" datetime NOT NULL, "updated_at" datetime NOT NULL)[0m
  [1m[35mSQL (0.6ms)[0m  [1m[32mINSERT INTO "schema_migrations" ("version") VALUES (?)[0m  [["version", "20170410011920"]]
  [1m[35m (0.7ms)[0m  [1m[36mcommit transaction[0m
  [1m[36mActiveRecord::InternalMetadata Load (0.1ms)[0m  [1m[34mSELECT  "ar_internal_metadata".* FROM "ar_internal_metadata" WHERE "ar_internal_metadata"."key" = ? LIMIT ?[0m  [["key", :environment], ["LIMIT", 1]]
  [1m[35m (0.1ms)[0m  [1m[36mbegin transaction[0m
  [1m[35mSQL (3.2ms)[0m  [1m[32mINSERT INTO "ar_internal_metadata" ("key", "value", "created_at", "updated_at") VALUES (?, ?, ?, ?)[0m  [["key", "environment"], ["value", "development"], ["created_at", 2017-04-10 01:26:29 UTC], ["updated_at", 2017-04-10 01:26:29 UTC]]
  [1m[35m (0.9ms)[0m  [1m[36mcommit transaction[0m
  [1m[36mActiveRecord::SchemaMigration Load (0.2ms)[0m  [1m[34mSELECT "schema_migrations".* FROM "schema_migrations"[0m
Started GET "/items" for ::1 at 2017-04-10 11:27:13 +1000
  [1m[36mActiveRecord::SchemaMigration Load (0.1ms)[0m  [1m[34mSELECT "schema_migrations".* FROM "schema_migrations"[0m
Processing by ItemsController#index as HTML
  Rendering items/index.html.erb within layouts/application
  [1m[36mItem Load (0.5ms)[0m  [1m[34mSELECT "items".* FROM "items"[0m
  Rendered items/index.html.erb within layouts/application (3.8ms)
Completed 200 OK in 169ms (Views: 157.4ms | ActiveRecord: 1.0ms)


Started GET "/items/new" for ::1 at 2017-04-10 11:27:15 +1000
Processing by ItemsController#new as HTML
  Rendering items/new.html.erb within layouts/application
  Rendered items/_form.html.erb (21.6ms)
  Rendered items/new.html.erb within layouts/application (24.7ms)
Completed 200 OK in 61ms (Views: 49.2ms | ActiveRecord: 0.4ms)


Started POST "/items" for ::1 at 2017-04-10 11:28:33 +1000
Processing by ItemsController#create as HTML
  Parameters: {"utf8"=>"✓", "authenticity_token"=>"MihoGiZCHDYYZYXvovg6C4Mfsj4Rg6ZAMybyFmwqDyZMX50t4kWbEBE5ztEE4HqMm/u6HVnC1eZ2FpYo7KSJyw==", "item"=>{"title"=>"Coffee", "price"=>"3"}, "commit"=>"Create Item"}
  [1m[35m (0.1ms)[0m  [1m[36mbegin transaction[0m
  [1m[35mSQL (1.7ms)[0m  [1m[32mINSERT INTO "items" ("title", "price", "created_at", "updated_at") VALUES (?, ?, ?, ?)[0m  [["title", "Coffee"], ["price", 0.3e1], ["created_at", 2017-04-10 01:28:33 UTC], ["updated_at", 2017-04-10 01:28:33 UTC]]
  [1m[35m (0.8ms)[0m  [1m[36mcommit transaction[0m
Redirected to http://localhost:3000/items/1
Completed 302 Found in 12ms (ActiveRecord: 2.6ms)


Started GET "/items/1" for ::1 at 2017-04-10 11:28:33 +1000
Processing by ItemsController#show as HTML
  Parameters: {"id"=>"1"}
  [1m[36mItem Load (0.4ms)[0m  [1m[34mSELECT  "items".* FROM "items" WHERE "items"."id" = ? LIMIT ?[0m  [["id", 1], ["LIMIT", 1]]
  Rendering items/show.html.erb within layouts/application
  Rendered items/show.html.erb within layouts/application (1.8ms)
Completed 200 OK in 29ms (Views: 21.4ms | ActiveRecord: 0.4ms)


Started GET "/items" for ::1 at 2017-04-10 11:28:41 +1000
Processing by ItemsController#index as HTML
  Rendering items/index.html.erb within layouts/application
  [1m[36mItem Load (0.1ms)[0m  [1m[34mSELECT "items".* FROM "items"[0m
  Rendered items/index.html.erb within layouts/application (1.9ms)
Completed 200 OK in 35ms (Views: 32.7ms | ActiveRecord: 0.1ms)


Started GET "/items/1" for ::1 at 2017-04-10 11:33:01 +1000
Processing by ItemsController#show as HTML
  Parameters: {"id"=>"1"}
  [1m[36mItem Load (0.2ms)[0m  [1m[34mSELECT  "items".* FROM "items" WHERE "items"."id" = ? LIMIT ?[0m  [["id", 1], ["LIMIT", 1]]
  Rendering items/show.html.erb within layouts/application
  Rendered items/show.html.erb within layouts/application (1.0ms)
Completed 200 OK in 52ms (Views: 48.3ms | ActiveRecord: 0.2ms)


  [1m[36mActiveRecord::SchemaMigration Load (0.1ms)[0m  [1m[34mSELECT "schema_migrations".* FROM "schema_migrations"[0m
Migrating to AddKindToItems (20170410015635)
  [1m[35m (0.1ms)[0m  [1m[36mbegin transaction[0m
  [1m[35m (1.1ms)[0m  [1m[35mALTER TABLE "items" ADD "kind" integer DEFAULT 0 NOT NULL[0m
  [1m[35mSQL (0.2ms)[0m  [1m[32mINSERT INTO "schema_migrations" ("version") VALUES (?)[0m  [["version", "20170410015635"]]
  [1m[35m (1.1ms)[0m  [1m[36mcommit transaction[0m
  [1m[36mActiveRecord::InternalMetadata Load (0.1ms)[0m  [1m[34mSELECT  "ar_internal_metadata".* FROM "ar_internal_metadata" WHERE "ar_internal_metadata"."key" = ? LIMIT ?[0m  [["key", :environment], ["LIMIT", 1]]
  [1m[35m (0.1ms)[0m  [1m[36mbegin transaction[0m
  [1m[35m (0.1ms)[0m  [1m[36mcommit transaction[0m
  [1m[36mActiveRecord::SchemaMigration Load (0.1ms)[0m  [1m[34mSELECT "schema_migrations".* FROM "schema_migrations"[0m
Started GET "/items/new" for ::1 at 2017-04-10 11:59:39 +1000
  [1m[36mActiveRecord::SchemaMigration Load (0.1ms)[0m  [1m[34mSELECT "schema_migrations".* FROM "schema_migrations"[0m
Processing by ItemsController#new as HTML
  Rendering items/new.html.erb within layouts/application
  Rendered items/_form.html.erb (4.1ms)
  Rendered items/new.html.erb within layouts/application (7.0ms)
Completed 200 OK in 66ms (Views: 45.9ms | ActiveRecord: 0.6ms)


  [1m[36mActiveRecord::SchemaMigration Load (0.2ms)[0m  [1m[34mSELECT "schema_migrations".* FROM "schema_migrations"[0m
  [1m[35m (0.5ms)[0m  [1m[34mSELECT "ar_internal_metadata"."value" FROM "ar_internal_metadata" WHERE "ar_internal_metadata"."key" = ?[0m  [["key", :environment]]
  [1m[36mActiveRecord::SchemaMigration Load (0.0ms)[0m  [1m[34mSELECT "schema_migrations".* FROM "schema_migrations"[0m
  [1m[35m (0.5ms)[0m  [1m[34mSELECT "ar_internal_metadata"."value" FROM "ar_internal_metadata" WHERE "ar_internal_metadata"."key" = ?[0m  [["key", :environment]]
  [1m[36mActiveRecord::SchemaMigration Load (0.1ms)[0m  [1m[34mSELECT "schema_migrations".* FROM "schema_migrations"[0m
  [1m[35m (0.1ms)[0m  [1m[34mSELECT "ar_internal_metadata"."value" FROM "ar_internal_metadata" WHERE "ar_internal_metadata"."key" = ?[0m  [["key", :environment]]
  [1m[35m (1.5ms)[0m  [1m[35mCREATE TABLE "schema_migrations" ("version" varchar NOT NULL PRIMARY KEY)[0m
  [1m[35m (1.1ms)[0m  [1m[35mCREATE TABLE "ar_internal_metadata" ("key" varchar NOT NULL PRIMARY KEY, "value" varchar, "created_at" datetime NOT NULL, "updated_at" datetime NOT NULL)[0m
  [1m[36mActiveRecord::SchemaMigration Load (0.1ms)[0m  [1m[34mSELECT "schema_migrations".* FROM "schema_migrations"[0m
Migrating to CreateItems (20170410011920)
  [1m[35m (0.1ms)[0m  [1m[36mbegin transaction[0m
  [1m[35m (0.4ms)[0m  [1m[35mCREATE TABLE "items" ("id" INTEGER PRIMARY KEY AUTOINCREMENT NOT NULL, "title" varchar, "price" decimal, "created_at" datetime NOT NULL, "updated_at" datetime NOT NULL)[0m
  [1m[35mSQL (0.2ms)[0m  [1m[32mINSERT INTO "schema_migrations" ("version") VALUES (?)[0m  [["version", "20170410011920"]]
  [1m[35m (1.1ms)[0m  [1m[36mcommit transaction[0m
Migrating to AddKindToItems (20170410015635)
  [1m[35m (0.1ms)[0m  [1m[36mbegin transaction[0m
  [1m[35m (0.3ms)[0m  [1m[35mALTER TABLE "items" ADD "kind" integer DEFAULT 0 NOT NULL[0m
  [1m[35mSQL (0.1ms)[0m  [1m[32mINSERT INTO "schema_migrations" ("version") VALUES (?)[0m  [["version", "20170410015635"]]
  [1m[35m (0.8ms)[0m  [1m[36mcommit transaction[0m
  [1m[36mActiveRecord::InternalMetadata Load (0.2ms)[0m  [1m[34mSELECT  "ar_internal_metadata".* FROM "ar_internal_metadata" WHERE "ar_internal_metadata"."key" = ? LIMIT ?[0m  [["key", :environment], ["LIMIT", 1]]
  [1m[35m (0.1ms)[0m  [1m[36mbegin transaction[0m
  [1m[35mSQL (0.3ms)[0m  [1m[32mINSERT INTO "ar_internal_metadata" ("key", "value", "created_at", "updated_at") VALUES (?, ?, ?, ?)[0m  [["key", "environment"], ["value", "development"], ["created_at", 2017-04-10 02:10:51 UTC], ["updated_at", 2017-04-10 02:10:51 UTC]]
  [1m[35m (0.9ms)[0m  [1m[36mcommit transaction[0m
  [1m[36mActiveRecord::SchemaMigration Load (0.1ms)[0m  [1m[34mSELECT "schema_migrations".* FROM "schema_migrations"[0m
Started GET "/items" for ::1 at 2017-04-10 12:11:12 +1000
Processing by ItemsController#index as HTML
  Rendering items/index.html.erb within layouts/application
  [1m[36mItem Load (0.4ms)[0m  [1m[34mSELECT "items".* FROM "items"[0m
  Rendered items/index.html.erb within layouts/application (5.3ms)
Completed 200 OK in 71ms (Views: 56.2ms | ActiveRecord: 0.6ms)


  [1m[36mActiveRecord::SchemaMigration Load (0.1ms)[0m  [1m[34mSELECT "schema_migrations".* FROM "schema_migrations"[0m
  [1m[35m (0.1ms)[0m  [1m[36mbegin transaction[0m
  [1m[35mSQL (1.0ms)[0m  [1m[32mINSERT INTO "items" ("title", "price", "created_at", "updated_at", "kind") VALUES (?, ?, ?, ?, ?)[0m  [["title", "Coffee"], ["price", 0.3e1], ["created_at", 2017-04-10 02:11:57 UTC], ["updated_at", 2017-04-10 02:11:57 UTC], ["kind", 1]]
  [1m[35m (0.8ms)[0m  [1m[36mcommit transaction[0m
  [1m[35m (0.1ms)[0m  [1m[36mbegin transaction[0m
  [1m[35mSQL (0.3ms)[0m  [1m[32mINSERT INTO "items" ("title", "price", "created_at", "updated_at", "kind") VALUES (?, ?, ?, ?, ?)[0m  [["title", "Tea"], ["price", 0.3e1], ["created_at", 2017-04-10 02:11:57 UTC], ["updated_at", 2017-04-10 02:11:57 UTC], ["kind", 1]]
  [1m[35m (0.9ms)[0m  [1m[36mcommit transaction[0m
  [1m[35m (0.0ms)[0m  [1m[36mbegin transaction[0m
  [1m[35mSQL (0.3ms)[0m  [1m[32mINSERT INTO "items" ("title", "price", "created_at", "updated_at", "kind") VALUES (?, ?, ?, ?, ?)[0m  [["title", "Milkshake"], ["price", 0.6e1], ["created_at", 2017-04-10 02:11:57 UTC], ["updated_at", 2017-04-10 02:11:57 UTC], ["kind", 1]]
  [1m[35m (0.9ms)[0m  [1m[36mcommit transaction[0m
  [1m[35m (0.1ms)[0m  [1m[36mbegin transaction[0m
  [1m[35mSQL (0.4ms)[0m  [1m[32mINSERT INTO "items" ("title", "price", "created_at", "updated_at", "kind") VALUES (?, ?, ?, ?, ?)[0m  [["title", "Fresh Juice"], ["price", 0.55e1], ["created_at", 2017-04-10 02:11:57 UTC], ["updated_at", 2017-04-10 02:11:57 UTC], ["kind", 1]]
  [1m[35m (5.3ms)[0m  [1m[36mcommit transaction[0m
  [1m[35m (0.1ms)[0m  [1m[36mbegin transaction[0m
  [1m[35mSQL (3.8ms)[0m  [1m[32mINSERT INTO "items" ("title", "price", "created_at", "updated_at") VALUES (?, ?, ?, ?)[0m  [["title", "Muffin"], ["price", 0.4e1], ["created_at", 2017-04-10 02:11:57 UTC], ["updated_at", 2017-04-10 02:11:57 UTC]]
  [1m[35m (3.4ms)[0m  [1m[36mcommit transaction[0m
  [1m[35m (0.2ms)[0m  [1m[36mbegin transaction[0m
  [1m[35mSQL (4.4ms)[0m  [1m[32mINSERT INTO "items" ("title", "price", "created_at", "updated_at") VALUES (?, ?, ?, ?)[0m  [["title", "Toastie"], ["price", 0.6e1], ["created_at", 2017-04-10 02:11:57 UTC], ["updated_at", 2017-04-10 02:11:57 UTC]]
  [1m[35m (1.2ms)[0m  [1m[36mcommit transaction[0m
Started GET "/items" for ::1 at 2017-04-10 12:12:02 +1000
Processing by ItemsController#index as HTML
  Rendering items/index.html.erb within layouts/application
  [1m[36mItem Load (0.2ms)[0m  [1m[34mSELECT "items".* FROM "items"[0m
  Rendered items/index.html.erb within layouts/application (8.8ms)
Completed 200 OK in 46ms (Views: 44.0ms | ActiveRecord: 0.4ms)


Started GET "/menu" for ::1 at 2017-04-10 12:19:49 +1000
Processing by MenuController#index as HTML
  Rendering menu/index.html.erb within layouts/application
  [1m[36mItem Load (0.1ms)[0m  [1m[34mSELECT  "items".* FROM "items" WHERE "items"."kind" = ? ORDER BY "items"."id" ASC LIMIT ?[0m  [["kind", 1], ["LIMIT", 1]]
  Rendered menu/index.html.erb within layouts/application (7.1ms)
Completed 200 OK in 64ms (Views: 44.4ms | ActiveRecord: 1.3ms)


Started GET "/menu" for ::1 at 2017-04-10 12:20:04 +1000
Processing by MenuController#index as HTML
  Rendering menu/index.html.erb within layouts/application
  [1m[36mItem Load (0.2ms)[0m  [1m[34mSELECT  "items".* FROM "items" WHERE "items"."kind" = ? ORDER BY "items"."id" ASC LIMIT ?[0m  [["kind", 1], ["LIMIT", 1]]
  Rendered menu/index.html.erb within layouts/application (1.7ms)
Completed 200 OK in 47ms (Views: 44.0ms | ActiveRecord: 0.2ms)


Started GET "/menu" for ::1 at 2017-04-10 12:21:16 +1000
Processing by MenuController#index as HTML
  Rendering menu/index.html.erb within layouts/application
  [1m[36mItem Load (0.3ms)[0m  [1m[34mSELECT "items".* FROM "items" WHERE "items"."kind" = ?[0m  [["kind", 1]]
  Rendered menu/index.html.erb within layouts/application (3.4ms)
Completed 200 OK in 38ms (Views: 34.7ms | ActiveRecord: 0.3ms)


Started GET "/menu" for ::1 at 2017-04-10 12:21:26 +1000
Processing by MenuController#index as HTML
  Rendering menu/index.html.erb within layouts/application
  Rendered menu/index.html.erb within layouts/application (1.1ms)
Completed 500 Internal Server Error in 12ms (ActiveRecord: 0.0ms)


  
SyntaxError (/Users/annsiapno/apps/rails/cafe/app/views/menu/index.html.erb:7: syntax error, unexpected keyword_end
ze;@output_buffer.append=( end );@output_buffer.safe_append=
                              ^
/Users/annsiapno/apps/rails/cafe/app/views/menu/index.html.erb:20: syntax error, unexpected keyword_ensure, expecting ')'
          ensure
                ^
/Users/annsiapno/apps/rails/cafe/app/views/menu/index.html.erb:22: syntax error, unexpected keyword_end, expecting ')'
          end
             ^):
  
app/views/menu/index.html.erb:7: syntax error, unexpected keyword_end
app/views/menu/index.html.erb:20: syntax error, unexpected keyword_ensure, expecting ')'
app/views/menu/index.html.erb:22: syntax error, unexpected keyword_end, expecting ')'
  Rendering /Users/annsiapno/.gem/ruby/2.4.0/gems/actionpack-5.0.2/lib/action_dispatch/middleware/templates/rescues/diagnostics.html.erb within rescues/layout
  Rendering /Users/annsiapno/.gem/ruby/2.4.0/gems/actionpack-5.0.2/lib/action_dispatch/middleware/templates/rescues/_source.html.erb
  Rendered /Users/annsiapno/.gem/ruby/2.4.0/gems/actionpack-5.0.2/lib/action_dispatch/middleware/templates/rescues/_source.html.erb (5.6ms)
  Rendering /Users/annsiapno/.gem/ruby/2.4.0/gems/actionpack-5.0.2/lib/action_dispatch/middleware/templates/rescues/_trace.html.erb
  Rendered /Users/annsiapno/.gem/ruby/2.4.0/gems/actionpack-5.0.2/lib/action_dispatch/middleware/templates/rescues/_trace.html.erb (2.5ms)
  Rendering /Users/annsiapno/.gem/ruby/2.4.0/gems/actionpack-5.0.2/lib/action_dispatch/middleware/templates/rescues/_request_and_response.html.erb
  Rendered /Users/annsiapno/.gem/ruby/2.4.0/gems/actionpack-5.0.2/lib/action_dispatch/middleware/templates/rescues/_request_and_response.html.erb (0.9ms)
  Rendered /Users/annsiapno/.gem/ruby/2.4.0/gems/actionpack-5.0.2/lib/action_dispatch/middleware/templates/rescues/diagnostics.html.erb within rescues/layout (76.1ms)
Started GET "/menu" for ::1 at 2017-04-10 12:21:49 +1000
Processing by MenuController#index as HTML
  Rendering menu/index.html.erb within layouts/application
  [1m[36mItem Load (0.3ms)[0m  [1m[34mSELECT "items".* FROM "items" WHERE "items"."kind" = ?[0m  [["kind", 1]]
  Rendered menu/index.html.erb within layouts/application (2.9ms)
Completed 200 OK in 48ms (Views: 45.0ms | ActiveRecord: 0.3ms)


Started GET "/menu" for ::1 at 2017-04-10 12:22:24 +1000
Processing by MenuController#index as HTML
  Rendering menu/index.html.erb within layouts/application
  [1m[36mItem Load (0.3ms)[0m  [1m[34mSELECT "items".* FROM "items" WHERE "items"."kind" = ?[0m  [["kind", 1]]
  Rendered menu/index.html.erb within layouts/application (2.2ms)
Completed 200 OK in 42ms (Views: 40.2ms | ActiveRecord: 0.3ms)


Started GET "/menu" for ::1 at 2017-04-10 12:22:42 +1000
Processing by MenuController#index as HTML
  Rendering menu/index.html.erb within layouts/application
  [1m[36mItem Load (0.2ms)[0m  [1m[34mSELECT "items".* FROM "items" WHERE "items"."kind" = ?[0m  [["kind", 1]]
  Rendered menu/index.html.erb within layouts/application (1.6ms)
Completed 200 OK in 39ms (Views: 33.2ms | ActiveRecord: 0.2ms)


Started GET "/menu" for ::1 at 2017-04-10 12:23:02 +1000
Processing by MenuController#index as HTML
  Rendering menu/index.html.erb within layouts/application
  [1m[36mItem Load (0.1ms)[0m  [1m[34mSELECT "items".* FROM "items" WHERE "items"."kind" = ?[0m  [["kind", 1]]
  [1m[36mItem Load (0.1ms)[0m  [1m[34mSELECT "items".* FROM "items" WHERE "items"."kind" = ?[0m  [["kind", 0]]
  Rendered menu/index.html.erb within layouts/application (1.6ms)
Completed 200 OK in 34ms (Views: 31.7ms | ActiveRecord: 0.2ms)


Started GET "/menu" for ::1 at 2017-04-10 12:25:10 +1000
Processing by MenuController#index as HTML
  Rendering menu/index.html.erb within layouts/application
  [1m[36mItem Load (0.2ms)[0m  [1m[34mSELECT "items".* FROM "items" WHERE "items"."kind" = ?[0m  [["kind", 1]]
  [1m[36mItem Load (0.3ms)[0m  [1m[34mSELECT "items".* FROM "items" WHERE "items"."kind" = ?[0m  [["kind", 0]]
  Rendered menu/index.html.erb within layouts/application (127.4ms)
Completed 500 Internal Server Error in 137ms (ActiveRecord: 0.5ms)


  
ActionView::Template::Error (undefined method `number_to_curreny' for #<#<Class:0x007fb578735110>:0x007fb57ba81938>
Did you mean?  number_to_currency
               number_to_human):
     5:   <% @drinks.each do |item| %>
     6:     <li>
     7:       <%= item.title %>:
     8:       <%= number_to_curreny item.price %>
     9:     </li>
    10:   <% end %>
    11: </ul>
  
app/views/menu/index.html.erb:8:in `block in _app_views_menu_index_html_erb___4428173340376359466_70208720215860'
app/views/menu/index.html.erb:5:in `_app_views_menu_index_html_erb___4428173340376359466_70208720215860'
  Rendering /Users/annsiapno/.gem/ruby/2.4.0/gems/actionpack-5.0.2/lib/action_dispatch/middleware/templates/rescues/template_error.html.erb within rescues/layout
  Rendering /Users/annsiapno/.gem/ruby/2.4.0/gems/actionpack-5.0.2/lib/action_dispatch/middleware/templates/rescues/_source.html.erb
  Rendered /Users/annsiapno/.gem/ruby/2.4.0/gems/actionpack-5.0.2/lib/action_dispatch/middleware/templates/rescues/_source.html.erb (6.0ms)
  Rendering /Users/annsiapno/.gem/ruby/2.4.0/gems/actionpack-5.0.2/lib/action_dispatch/middleware/templates/rescues/_trace.html.erb
  Rendered /Users/annsiapno/.gem/ruby/2.4.0/gems/actionpack-5.0.2/lib/action_dispatch/middleware/templates/rescues/_trace.html.erb (2.0ms)
  Rendering /Users/annsiapno/.gem/ruby/2.4.0/gems/actionpack-5.0.2/lib/action_dispatch/middleware/templates/rescues/_request_and_response.html.erb
  Rendered /Users/annsiapno/.gem/ruby/2.4.0/gems/actionpack-5.0.2/lib/action_dispatch/middleware/templates/rescues/_request_and_response.html.erb (0.7ms)
  Rendered /Users/annsiapno/.gem/ruby/2.4.0/gems/actionpack-5.0.2/lib/action_dispatch/middleware/templates/rescues/template_error.html.erb within rescues/layout (63.6ms)
Started GET "/menu" for ::1 at 2017-04-10 12:25:31 +1000
Processing by MenuController#index as HTML
  Rendering menu/index.html.erb within layouts/application
  [1m[36mItem Load (0.3ms)[0m  [1m[34mSELECT "items".* FROM "items" WHERE "items"."kind" = ?[0m  [["kind", 1]]
  [1m[36mItem Load (0.2ms)[0m  [1m[34mSELECT "items".* FROM "items" WHERE "items"."kind" = ?[0m  [["kind", 0]]
  Rendered menu/index.html.erb within layouts/application (119.0ms)
Completed 500 Internal Server Error in 128ms (ActiveRecord: 0.5ms)


  
ActionView::Template::Error (undefined method `number_to_curreny' for #<#<Class:0x007fb578735110>:0x007fb5792744b8>
Did you mean?  number_to_currency
               number_to_human):
     5:   <% @drinks.each do |item| %>
     6:     <li>
     7:       <%= item.title %>:
     8:       <%= number_to_curreny(item.price) %>
     9:     </li>
    10:   <% end %>
    11: </ul>
  
app/views/menu/index.html.erb:8:in `block in _app_views_menu_index_html_erb___4428173340376359466_70208699217380'
app/views/menu/index.html.erb:5:in `_app_views_menu_index_html_erb___4428173340376359466_70208699217380'
  Rendering /Users/annsiapno/.gem/ruby/2.4.0/gems/actionpack-5.0.2/lib/action_dispatch/middleware/templates/rescues/template_error.html.erb within rescues/layout
  Rendering /Users/annsiapno/.gem/ruby/2.4.0/gems/actionpack-5.0.2/lib/action_dispatch/middleware/templates/rescues/_source.html.erb
  Rendered /Users/annsiapno/.gem/ruby/2.4.0/gems/actionpack-5.0.2/lib/action_dispatch/middleware/templates/rescues/_source.html.erb (7.0ms)
  Rendering /Users/annsiapno/.gem/ruby/2.4.0/gems/actionpack-5.0.2/lib/action_dispatch/middleware/templates/rescues/_trace.html.erb
  Rendered /Users/annsiapno/.gem/ruby/2.4.0/gems/actionpack-5.0.2/lib/action_dispatch/middleware/templates/rescues/_trace.html.erb (2.2ms)
  Rendering /Users/annsiapno/.gem/ruby/2.4.0/gems/actionpack-5.0.2/lib/action_dispatch/middleware/templates/rescues/_request_and_response.html.erb
  Rendered /Users/annsiapno/.gem/ruby/2.4.0/gems/actionpack-5.0.2/lib/action_dispatch/middleware/templates/rescues/_request_and_response.html.erb (0.7ms)
  Rendered /Users/annsiapno/.gem/ruby/2.4.0/gems/actionpack-5.0.2/lib/action_dispatch/middleware/templates/rescues/template_error.html.erb within rescues/layout (64.2ms)
Started GET "/menu" for ::1 at 2017-04-10 12:25:34 +1000
Processing by MenuController#index as HTML
  Rendering menu/index.html.erb within layouts/application
  [1m[36mItem Load (0.2ms)[0m  [1m[34mSELECT "items".* FROM "items" WHERE "items"."kind" = ?[0m  [["kind", 1]]
  [1m[36mItem Load (0.2ms)[0m  [1m[34mSELECT "items".* FROM "items" WHERE "items"."kind" = ?[0m  [["kind", 0]]
  Rendered menu/index.html.erb within layouts/application (120.3ms)
Completed 500 Internal Server Error in 130ms (ActiveRecord: 0.4ms)


  
ActionView::Template::Error (undefined method `number_to_curreny' for #<#<Class:0x007fb578735110>:0x007fb57d073b10>
Did you mean?  number_to_currency
               number_to_human):
     5:   <% @drinks.each do |item| %>
     6:     <li>
     7:       <%= item.title %>:
     8:       <%= number_to_curreny(item.price) %>
     9:     </li>
    10:   <% end %>
    11: </ul>
  
app/views/menu/index.html.erb:8:in `block in _app_views_menu_index_html_erb___4428173340376359466_70208731728460'
app/views/menu/index.html.erb:5:in `_app_views_menu_index_html_erb___4428173340376359466_70208731728460'
  Rendering /Users/annsiapno/.gem/ruby/2.4.0/gems/actionpack-5.0.2/lib/action_dispatch/middleware/templates/rescues/template_error.html.erb within rescues/layout
  Rendering /Users/annsiapno/.gem/ruby/2.4.0/gems/actionpack-5.0.2/lib/action_dispatch/middleware/templates/rescues/_source.html.erb
  Rendered /Users/annsiapno/.gem/ruby/2.4.0/gems/actionpack-5.0.2/lib/action_dispatch/middleware/templates/rescues/_source.html.erb (6.5ms)
  Rendering /Users/annsiapno/.gem/ruby/2.4.0/gems/actionpack-5.0.2/lib/action_dispatch/middleware/templates/rescues/_trace.html.erb
  Rendered /Users/annsiapno/.gem/ruby/2.4.0/gems/actionpack-5.0.2/lib/action_dispatch/middleware/templates/rescues/_trace.html.erb (2.7ms)
  Rendering /Users/annsiapno/.gem/ruby/2.4.0/gems/actionpack-5.0.2/lib/action_dispatch/middleware/templates/rescues/_request_and_response.html.erb
  Rendered /Users/annsiapno/.gem/ruby/2.4.0/gems/actionpack-5.0.2/lib/action_dispatch/middleware/templates/rescues/_request_and_response.html.erb (0.7ms)
  Rendered /Users/annsiapno/.gem/ruby/2.4.0/gems/actionpack-5.0.2/lib/action_dispatch/middleware/templates/rescues/template_error.html.erb within rescues/layout (66.8ms)
Started GET "/menu" for ::1 at 2017-04-10 12:26:12 +1000
Processing by MenuController#index as HTML
  Rendering menu/index.html.erb within layouts/application
  [1m[36mItem Load (0.2ms)[0m  [1m[34mSELECT "items".* FROM "items" WHERE "items"."kind" = ?[0m  [["kind", 1]]
  [1m[36mItem Load (0.4ms)[0m  [1m[34mSELECT "items".* FROM "items" WHERE "items"."kind" = ?[0m  [["kind", 0]]
  Rendered menu/index.html.erb within layouts/application (38.8ms)
Completed 200 OK in 74ms (Views: 71.4ms | ActiveRecord: 0.6ms)


Started GET "/menu" for ::1 at 2017-04-10 12:35:14 +1000
Processing by MenuController#index as HTML
  Rendering menu/index.html.erb within layouts/application
  [1m[36mItem Load (0.7ms)[0m  [1m[34mSELECT "items".* FROM "items" WHERE "items"."kind" = ?[0m  [["kind", 1]]
  Rendered items/_item.html.erb (1.6ms)
  Rendered items/_item.html.erb (0.9ms)
  Rendered items/_item.html.erb (0.5ms)
  Rendered items/_item.html.erb (0.4ms)
  [1m[36mItem Load (0.2ms)[0m  [1m[34mSELECT "items".* FROM "items" WHERE "items"."kind" = ?[0m  [["kind", 0]]
  Rendered items/_item.html.erb (0.6ms)
  Rendered items/_item.html.erb (0.7ms)
  Rendered menu/index.html.erb within layouts/application (18.8ms)
Completed 200 OK in 70ms (Views: 60.3ms | ActiveRecord: 0.9ms)


Started GET "/menu" for ::1 at 2017-04-10 12:35:50 +1000
Processing by MenuController#index as HTML
  Rendering menu/index.html.erb within layouts/application
  [1m[36mItem Load (0.2ms)[0m  [1m[34mSELECT "items".* FROM "items" WHERE "items"."kind" = ?[0m  [["kind", 1]]
  Rendered menu/index.html.erb within layouts/application (6.3ms)
Completed 500 Internal Server Error in 15ms (ActiveRecord: 0.2ms)


  
ActionView::Template::Error (Missing partial items/_item with {:locale=>[:en], :formats=>[:html], :variants=>[], :handlers=>[:raw, :erb, :html, :builder, :ruby, :coffee, :jbuilder]}. Searched in:
  * "/Users/annsiapno/apps/rails/cafe/app/views"
):
    3: <h2>Drinks</h2>
    4: <ul>
    5:   <% @drinks.each do |item| %>
    6:     <li><%= render item %></li>
    7:   <% end %>
    8: </ul>
    9: 
  
app/views/menu/index.html.erb:6:in `block in _app_views_menu_index_html_erb___4428173340376359466_70208719345440'
app/views/menu/index.html.erb:5:in `_app_views_menu_index_html_erb___4428173340376359466_70208719345440'
  Rendering /Users/annsiapno/.gem/ruby/2.4.0/gems/actionpack-5.0.2/lib/action_dispatch/middleware/templates/rescues/template_error.html.erb within rescues/layout
  Rendering /Users/annsiapno/.gem/ruby/2.4.0/gems/actionpack-5.0.2/lib/action_dispatch/middleware/templates/rescues/_source.html.erb
  Rendered /Users/annsiapno/.gem/ruby/2.4.0/gems/actionpack-5.0.2/lib/action_dispatch/middleware/templates/rescues/_source.html.erb (5.6ms)
  Rendering /Users/annsiapno/.gem/ruby/2.4.0/gems/actionpack-5.0.2/lib/action_dispatch/middleware/templates/rescues/_trace.html.erb
  Rendered /Users/annsiapno/.gem/ruby/2.4.0/gems/actionpack-5.0.2/lib/action_dispatch/middleware/templates/rescues/_trace.html.erb (2.1ms)
  Rendering /Users/annsiapno/.gem/ruby/2.4.0/gems/actionpack-5.0.2/lib/action_dispatch/middleware/templates/rescues/_request_and_response.html.erb
  Rendered /Users/annsiapno/.gem/ruby/2.4.0/gems/actionpack-5.0.2/lib/action_dispatch/middleware/templates/rescues/_request_and_response.html.erb (1.0ms)
  Rendered /Users/annsiapno/.gem/ruby/2.4.0/gems/actionpack-5.0.2/lib/action_dispatch/middleware/templates/rescues/template_error.html.erb within rescues/layout (63.5ms)
Started GET "/menu" for ::1 at 2017-04-10 12:36:07 +1000
Processing by MenuController#index as HTML
  Rendering menu/index.html.erb within layouts/application
  [1m[36mItem Load (0.2ms)[0m  [1m[34mSELECT "items".* FROM "items" WHERE "items"."kind" = ?[0m  [["kind", 1]]
  [1m[36mItem Load (0.6ms)[0m  [1m[34mSELECT "items".* FROM "items" WHERE "items"."kind" = ?[0m  [["kind", 0]]
  Rendered menu/index.html.erb within layouts/application (218.3ms)
Completed 500 Internal Server Error in 229ms (ActiveRecord: 0.8ms)


  
ActionView::Template::Error (undefined local variable or method `itemaa' for #<#<Class:0x007fb578735110>:0x007fb57d0f39c8>
Did you mean?  item):
    3: <h2>Drinks</h2>
    4: <ul>
    5:   <% @drinks.each do |item| %>
    6:     <li><%= render itemaa %></li>
    7:   <% end %>
    8: </ul>
    9: 
  
app/views/menu/index.html.erb:6:in `block in _app_views_menu_index_html_erb___4428173340376359466_70208731990500'
app/views/menu/index.html.erb:5:in `_app_views_menu_index_html_erb___4428173340376359466_70208731990500'
  Rendering /Users/annsiapno/.gem/ruby/2.4.0/gems/actionpack-5.0.2/lib/action_dispatch/middleware/templates/rescues/template_error.html.erb within rescues/layout
  Rendering /Users/annsiapno/.gem/ruby/2.4.0/gems/actionpack-5.0.2/lib/action_dispatch/middleware/templates/rescues/_source.html.erb
  Rendered /Users/annsiapno/.gem/ruby/2.4.0/gems/actionpack-5.0.2/lib/action_dispatch/middleware/templates/rescues/_source.html.erb (4.3ms)
  Rendering /Users/annsiapno/.gem/ruby/2.4.0/gems/actionpack-5.0.2/lib/action_dispatch/middleware/templates/rescues/_trace.html.erb
  Rendered /Users/annsiapno/.gem/ruby/2.4.0/gems/actionpack-5.0.2/lib/action_dispatch/middleware/templates/rescues/_trace.html.erb (1.6ms)
  Rendering /Users/annsiapno/.gem/ruby/2.4.0/gems/actionpack-5.0.2/lib/action_dispatch/middleware/templates/rescues/_request_and_response.html.erb
  Rendered /Users/annsiapno/.gem/ruby/2.4.0/gems/actionpack-5.0.2/lib/action_dispatch/middleware/templates/rescues/_request_and_response.html.erb (1.2ms)
  Rendered /Users/annsiapno/.gem/ruby/2.4.0/gems/actionpack-5.0.2/lib/action_dispatch/middleware/templates/rescues/template_error.html.erb within rescues/layout (68.0ms)
Started GET "/menu" for ::1 at 2017-04-10 12:36:23 +1000
Processing by MenuController#index as HTML
  Rendering menu/index.html.erb within layouts/application
  [1m[36mItem Load (0.2ms)[0m  [1m[34mSELECT "items".* FROM "items" WHERE "items"."kind" = ?[0m  [["kind", 1]]
  Rendered menu/index.html.erb within layouts/application (6.2ms)
Completed 500 Internal Server Error in 13ms (ActiveRecord: 0.2ms)


  
ActionView::Template::Error (Missing partial items/_item with {:locale=>[:en], :formats=>[:html], :variants=>[], :handlers=>[:raw, :erb, :html, :builder, :ruby, :coffee, :jbuilder]}. Searched in:
  * "/Users/annsiapno/apps/rails/cafe/app/views"
):
    3: <h2>Drinks</h2>
    4: <ul>
    5:   <% @drinks.each do |itemaa| %>
    6:     <li><%= render itemaa %></li>
    7:   <% end %>
    8: </ul>
    9: 
  
app/views/menu/index.html.erb:6:in `block in _app_views_menu_index_html_erb___4428173340376359466_70208733920480'
app/views/menu/index.html.erb:5:in `_app_views_menu_index_html_erb___4428173340376359466_70208733920480'
  Rendering /Users/annsiapno/.gem/ruby/2.4.0/gems/actionpack-5.0.2/lib/action_dispatch/middleware/templates/rescues/template_error.html.erb within rescues/layout
  Rendering /Users/annsiapno/.gem/ruby/2.4.0/gems/actionpack-5.0.2/lib/action_dispatch/middleware/templates/rescues/_source.html.erb
  Rendered /Users/annsiapno/.gem/ruby/2.4.0/gems/actionpack-5.0.2/lib/action_dispatch/middleware/templates/rescues/_source.html.erb (7.2ms)
  Rendering /Users/annsiapno/.gem/ruby/2.4.0/gems/actionpack-5.0.2/lib/action_dispatch/middleware/templates/rescues/_trace.html.erb
  Rendered /Users/annsiapno/.gem/ruby/2.4.0/gems/actionpack-5.0.2/lib/action_dispatch/middleware/templates/rescues/_trace.html.erb (2.6ms)
  Rendering /Users/annsiapno/.gem/ruby/2.4.0/gems/actionpack-5.0.2/lib/action_dispatch/middleware/templates/rescues/_request_and_response.html.erb
  Rendered /Users/annsiapno/.gem/ruby/2.4.0/gems/actionpack-5.0.2/lib/action_dispatch/middleware/templates/rescues/_request_and_response.html.erb (0.7ms)
  Rendered /Users/annsiapno/.gem/ruby/2.4.0/gems/actionpack-5.0.2/lib/action_dispatch/middleware/templates/rescues/template_error.html.erb within rescues/layout (80.1ms)
Started GET "/menu" for ::1 at 2017-04-10 12:36:51 +1000
Processing by MenuController#index as HTML
  Rendering menu/index.html.erb within layouts/application
  [1m[36mItem Load (0.2ms)[0m  [1m[34mSELECT "items".* FROM "items" WHERE "items"."kind" = ?[0m  [["kind", 1]]
  Rendered items/_item.html.erb (0.7ms)
  Rendered items/_item.html.erb (0.4ms)
  Rendered items/_item.html.erb (0.3ms)
  Rendered items/_item.html.erb (0.3ms)
  [1m[36mItem Load (0.2ms)[0m  [1m[34mSELECT "items".* FROM "items" WHERE "items"."kind" = ?[0m  [["kind", 0]]
  Rendered items/_item.html.erb (0.3ms)
  Rendered items/_item.html.erb (0.3ms)
  Rendered menu/index.html.erb within layouts/application (13.3ms)
Completed 200 OK in 47ms (Views: 43.9ms | ActiveRecord: 0.4ms)


Started GET "/menu" for ::1 at 2017-04-10 14:12:19 +1000
Processing by MenuController#index as HTML
  Rendering menu/index.html.erb within layouts/application
  [1m[36mItem Load (0.3ms)[0m  [1m[34mSELECT "items".* FROM "items" WHERE "items"."kind" = ?[0m  [["kind", 1]]
  Rendered items/_item.html.erb (1.5ms)
  Rendered items/_item.html.erb (0.2ms)
  Rendered items/_item.html.erb (0.4ms)
  Rendered items/_item.html.erb (0.3ms)
  [1m[36mItem Load (0.2ms)[0m  [1m[34mSELECT "items".* FROM "items" WHERE "items"."kind" = ?[0m  [["kind", 0]]
  Rendered items/_item.html.erb (0.2ms)
  Rendered items/_item.html.erb (0.2ms)
  Rendered menu/index.html.erb within layouts/application (24.8ms)
Completed 200 OK in 106ms (Views: 84.8ms | ActiveRecord: 1.8ms)


